<?xml version="1.0" encoding="utf-8" standalone="no"?>
<test-results xmlns:xsi="http://www.w3.org/2001/XMLSchema-instance" xsi:noNamespaceSchemaLocation="nunit_schema_2.5.xsd" name="Pester" total="22" errors="0" failures="0" not-run="0" inconclusive="0" ignored="0" skipped="0" invalid="0" date="2023-12-11" time="02:44:46">
  <environment user-domain="VENIUM" os-version="10.0.19045" platform="Microsoft Windows 10 Home|C:\windows|\Device\Harddisk0\Partition3" machine-name="Venium" user="Scal" nunit-version="2.5.8.0" cwd="C:\Host\Home" clr-version="7.0.14" />
  <culture-info current-culture="en-GB" current-uiculture="en-GB" />
  <test-suite type="TestFixture" name="Pester" executed="True" result="Success" success="True" time="1.1625" asserts="0" description="Pester">
    <results>
      <test-suite type="TestFixture" name="C:\Bench23\SHiPS\test\ActionCommands\ActionCommands.Tests.ps1" executed="True" result="Success" success="True" time="1.1625" asserts="0" description="C:\Bench23\SHiPS\test\ActionCommands\ActionCommands.Tests.ps1">
        <results>
          <test-suite type="TestFixture" name="ActionCommands" executed="True" result="Success" success="True" time="0.8257" asserts="0" description="ActionCommands">
            <results>
              <test-suite type="TestFixture" name="ActionCommands.Invoke-Item" executed="True" result="Success" success="True" time="0.2812" asserts="0" description="ActionCommands.Invoke-Item">
                <results>
                  <test-suite type="TestFixture" name="ActionCommands.Invoke-Item.A directory" executed="True" result="Success" success="True" time="0.1591" asserts="0" description="ActionCommands.Invoke-Item.A directory">
                    <results>
                      <test-case description="Rejects invocation" name="ActionCommands.Invoke-Item.A directory.Rejects invocation" time="0.136" asserts="0" success="True" result="Success" executed="True" />
                    </results>
                  </test-suite>
                  <test-suite type="TestFixture" name="ActionCommands.Invoke-Item.A folder" executed="True" result="Success" success="True" time="0.2043" asserts="0" description="ActionCommands.Invoke-Item.A folder">
                    <results>
                      <test-case description="Invokes it" name="ActionCommands.Invoke-Item.A folder.Invokes it" time="0.0364" asserts="0" success="True" result="Success" executed="True" />
                    </results>
                  </test-suite>
                  <test-suite type="TestFixture" name="ActionCommands.Invoke-Item.A file" executed="True" result="Success" success="True" time="0.2268" asserts="0" description="ActionCommands.Invoke-Item.A file">
                    <results>
                      <test-case description="Invokes it" name="ActionCommands.Invoke-Item.A file.Invokes it" time="0.0177" asserts="0" success="True" result="Success" executed="True" />
                    </results>
                  </test-suite>
                </results>
              </test-suite>
              <test-suite type="TestFixture" name="ActionCommands.New-Item" executed="True" result="Success" success="True" time="0.4048" asserts="0" description="ActionCommands.New-Item">
                <results>
                  <test-suite type="TestFixture" name="ActionCommands.New-Item.SHiPSDirectory" executed="True" result="Success" success="True" time="0.0294" asserts="0" description="ActionCommands.New-Item.SHiPSDirectory">
                    <results>
                      <test-case description="Should fail" name="ActionCommands.New-Item.SHiPSDirectory.Should fail" time="0.0177" asserts="0" success="True" result="Success" executed="True" />
                    </results>
                  </test-suite>
                  <test-suite type="TestFixture" name="ActionCommands.New-Item.Folder class" executed="True" result="Success" success="True" time="0.1204" asserts="0" description="ActionCommands.New-Item.Folder class">
                    <results>
                      <test-case description="Creates a file" name="ActionCommands.New-Item.Folder class.Creates a file" time="0.0204" asserts="0" success="True" result="Success" executed="True" />
                      <test-case description="Accepts specific parameters" name="ActionCommands.New-Item.Folder class.Accepts specific parameters" time="0.0341" asserts="0" success="True" result="Success" executed="True" />
                      <test-case description="Creates a folder" name="ActionCommands.New-Item.Folder class.Creates a folder" time="0.0207" asserts="0" success="True" result="Success" executed="True" />
                      <test-case description="Rejects duplicate" name="ActionCommands.New-Item.Folder class.Rejects duplicate" time="0.0118" asserts="0" success="True" result="Success" executed="True" />
                    </results>
                  </test-suite>
                </results>
              </test-suite>
              <test-suite type="TestFixture" name="ActionCommands.Remove-Item" executed="True" result="Success" success="True" time="0.502" asserts="0" description="ActionCommands.Remove-Item">
                <results>
                  <test-suite type="TestFixture" name="ActionCommands.Remove-Item.Existing structure" executed="True" result="Success" success="True" time="0.0941" asserts="0" description="ActionCommands.Remove-Item.Existing structure">
                    <results>
                      <test-case description="Removes empty folder" name="ActionCommands.Remove-Item.Existing structure.Removes empty folder" time="0.0221" asserts="0" success="True" result="Success" executed="True" />
                      <test-case description="Removes non-empty folder (recurse)" name="ActionCommands.Remove-Item.Existing structure.Removes non-empty folder (recurse)" time="0.0142" asserts="0" success="True" result="Success" executed="True" />
                      <test-case description="Removes file" name="ActionCommands.Remove-Item.Existing structure.Removes file" time="0.0144" asserts="0" success="True" result="Success" executed="True" />
                      <test-case description="Accepts specific parameters" name="ActionCommands.Remove-Item.Existing structure.Accepts specific parameters" time="0.014" asserts="0" success="True" result="Success" executed="True" />
                    </results>
                  </test-suite>
                </results>
              </test-suite>
              <test-suite type="TestFixture" name="ActionCommands.Rename-Item" executed="True" result="Success" success="True" time="0.5887" asserts="0" description="ActionCommands.Rename-Item">
                <results>
                  <test-suite type="TestFixture" name="ActionCommands.Rename-Item.Existing Folder" executed="True" result="Success" success="True" time="0.0312" asserts="0" description="ActionCommands.Rename-Item.Existing Folder">
                    <results>
                      <test-case description="Renames it" name="ActionCommands.Rename-Item.Existing Folder.Renames it" time="0.0232" asserts="0" success="True" result="Success" executed="True" />
                    </results>
                  </test-suite>
                  <test-suite type="TestFixture" name="ActionCommands.Rename-Item.Existing File" executed="True" result="Success" success="True" time="0.0666" asserts="0" description="ActionCommands.Rename-Item.Existing File">
                    <results>
                      <test-case description="Renames it" name="ActionCommands.Rename-Item.Existing File.Renames it" time="0.0164" asserts="0" success="True" result="Success" executed="True" />
                      <test-case description="Fails on repeat" name="ActionCommands.Rename-Item.Existing File.Fails on repeat" time="0.0049" asserts="0" success="True" result="Success" executed="True" />
                    </results>
                  </test-suite>
                  <test-suite type="TestFixture" name="ActionCommands.Rename-Item.Missing File" executed="True" result="Success" success="True" time="0.0811" asserts="0" description="ActionCommands.Rename-Item.Missing File">
                    <results>
                      <test-case description="Fails to rename" name="ActionCommands.Rename-Item.Missing File.Fails to rename" time="0.0111" asserts="0" success="True" result="Success" executed="True" />
                    </results>
                  </test-suite>
                </results>
              </test-suite>
              <test-suite type="TestFixture" name="ActionCommands.Copy-Item" executed="True" result="Success" success="True" time="0.679" asserts="0" description="ActionCommands.Copy-Item">
                <results>
                  <test-suite type="TestFixture" name="ActionCommands.Copy-Item.Existing File" executed="True" result="Success" success="True" time="0.0236" asserts="0" description="ActionCommands.Copy-Item.Existing File">
                    <results>
                      <test-case description="Copies it" name="ActionCommands.Copy-Item.Existing File.Copies it" time="0.0148" asserts="0" success="True" result="Success" executed="True" />
                    </results>
                  </test-suite>
                  <test-suite type="TestFixture" name="ActionCommands.Copy-Item.Existing Folder" executed="True" result="Success" success="True" time="0.0654" asserts="0" description="ActionCommands.Copy-Item.Existing Folder">
                    <results>
                      <test-case description="Copies it" name="ActionCommands.Copy-Item.Existing Folder.Copies it" time="0.0117" asserts="0" success="True" result="Success" executed="True" />
                      <test-case description="Copies it recursively" name="ActionCommands.Copy-Item.Existing Folder.Copies it recursively" time="0.0123" asserts="0" success="True" result="Success" executed="True" />
                    </results>
                  </test-suite>
                  <test-suite type="TestFixture" name="ActionCommands.Copy-Item.Mix Providers" executed="True" result="Success" success="True" time="0.0873" asserts="0" description="ActionCommands.Copy-Item.Mix Providers">
                    <results>
                      <test-case description="Rejects copy" name="ActionCommands.Copy-Item.Mix Providers.Rejects copy" time="0.0086" asserts="0" success="True" result="Success" executed="True" />
                    </results>
                  </test-suite>
                </results>
              </test-suite>
              <test-suite type="TestFixture" name="ActionCommands.Move-Item" executed="True" result="Success" success="True" time="0.7193" asserts="0" description="ActionCommands.Move-Item">
                <results>
                  <test-suite type="TestFixture" name="ActionCommands.Move-Item.Existing File" executed="True" result="Success" success="True" time="0.0223" asserts="0" description="ActionCommands.Move-Item.Existing File">
                    <results>
                      <test-case description="Moves it" name="ActionCommands.Move-Item.Existing File.Moves it" time="0.0091" asserts="0" success="True" result="Success" executed="True" />
                    </results>
                  </test-suite>
                  <test-suite type="TestFixture" name="ActionCommands.Move-Item.Existing Folder" executed="True" result="Success" success="True" time="0.037" asserts="0" description="ActionCommands.Move-Item.Existing Folder">
                    <results>
                      <test-case description="Moves it" name="ActionCommands.Move-Item.Existing Folder.Moves it" time="0.006" asserts="0" success="True" result="Success" executed="True" />
                    </results>
                  </test-suite>
                </results>
              </test-suite>
            </results>
          </test-suite>
        </results>
      </test-suite>
    </results>
  </test-suite>
</test-results>